[2020-03-19 11:17:23,656 0] [INFO ] [main] [kafka.server.KafkaServer.startup(KafkaServer.java:41)] [Starting Kafka server...]
[2020-03-19 11:17:23,680 24] [INFO ] [main] [kafka.log.LogManager.<init>(LogManager.java:69)] [Loading log 'topic1-0']
[2020-03-19 11:17:23,694 38] [INFO ] [main] [kafka.log.Log.loadSegments(Log.java:182)] [Loading the last segment E:\tmp\kafka-logs\topic1-0\00000000000000000000.kafka in mutable mode, recovery true]
[2020-03-19 11:17:23,734 78] [INFO ] [main] [kafka.message.FileMessageSet.recover(FileMessageSet.java:226)] [recover high water mark:33196]
[2020-03-19 11:17:23,734 78] [INFO ] [main] [kafka.message.FileMessageSet.<init>(FileMessageSet.java:83)] [Recovery succeeded in 0 seconds. 0 bytes truncated.]
[2020-03-19 11:17:23,736 80] [INFO ] [main] [kafka.log.LogManager.<init>(LogManager.java:84)] [starting log cleaner every 60000 ms]
[2020-03-19 11:17:23,740 84] [INFO ] [main] [kafka.server.KafkaZooKeeper.startup(KafkaZooKeeper.java:50)] [connecting to ZK: localhost:2181]
[2020-03-19 11:17:23,785 129] [INFO ] [ZkClient-EventThread-13-localhost:2181] [org.I0Itec.zkclient.ZkEventThread.run(ZkEventThread.java:65)] [Starting ZkClient event thread.]
[2020-03-19 11:17:23,826 170] [INFO ] [main] [org.apache.zookeeper.Environment.logEnv(Environment.java:100)] [Client environment:zookeeper.version=3.4.13-2d71af4dbe22557fda74f9a9b4309b15a7487f03, built on 06/29/2018 00:39 GMT]
[2020-03-19 11:17:23,826 170] [INFO ] [main] [org.apache.zookeeper.Environment.logEnv(Environment.java:100)] [Client environment:host.name=192.168.2.100]
[2020-03-19 11:17:23,826 170] [INFO ] [main] [org.apache.zookeeper.Environment.logEnv(Environment.java:100)] [Client environment:java.version=1.8.0_101]
[2020-03-19 11:17:23,826 170] [INFO ] [main] [org.apache.zookeeper.Environment.logEnv(Environment.java:100)] [Client environment:java.vendor=Oracle Corporation]
[2020-03-19 11:17:23,827 171] [INFO ] [main] [org.apache.zookeeper.Environment.logEnv(Environment.java:100)] [Client environment:java.home=C:\Java\jdk1.8.0_101\jre]
[2020-03-19 11:17:23,827 171] [INFO ] [main] [org.apache.zookeeper.Environment.logEnv(Environment.java:100)] [Client environment:java.class.path=C:\Java\jdk1.8.0_101\jre\lib\charsets.jar;C:\Java\jdk1.8.0_101\jre\lib\deploy.jar;C:\Java\jdk1.8.0_101\jre\lib\ext\access-bridge-64.jar;C:\Java\jdk1.8.0_101\jre\lib\ext\cldrdata.jar;C:\Java\jdk1.8.0_101\jre\lib\ext\dnsns.jar;C:\Java\jdk1.8.0_101\jre\lib\ext\jaccess.jar;C:\Java\jdk1.8.0_101\jre\lib\ext\jfxrt.jar;C:\Java\jdk1.8.0_101\jre\lib\ext\localedata.jar;C:\Java\jdk1.8.0_101\jre\lib\ext\nashorn.jar;C:\Java\jdk1.8.0_101\jre\lib\ext\sunec.jar;C:\Java\jdk1.8.0_101\jre\lib\ext\sunjce_provider.jar;C:\Java\jdk1.8.0_101\jre\lib\ext\sunmscapi.jar;C:\Java\jdk1.8.0_101\jre\lib\ext\sunpkcs11.jar;C:\Java\jdk1.8.0_101\jre\lib\ext\zipfs.jar;C:\Java\jdk1.8.0_101\jre\lib\javaws.jar;C:\Java\jdk1.8.0_101\jre\lib\jce.jar;C:\Java\jdk1.8.0_101\jre\lib\jfr.jar;C:\Java\jdk1.8.0_101\jre\lib\jfxswt.jar;C:\Java\jdk1.8.0_101\jre\lib\jsse.jar;C:\Java\jdk1.8.0_101\jre\lib\management-agent.jar;C:\Java\jdk1.8.0_101\jre\lib\plugin.jar;C:\Java\jdk1.8.0_101\jre\lib\resources.jar;C:\Java\jdk1.8.0_101\jre\lib\rt.jar;E:\ideawork\mykafka-0.7\target\classes;C:\Users\Administrator\.m2\repository\junit\junit\4.12\junit-4.12.jar;C:\Users\Administrator\.m2\repository\org\hamcrest\hamcrest-core\1.3\hamcrest-core-1.3.jar;C:\Users\Administrator\.m2\repository\org\xerial\snappy\snappy-java\1.1.7.3\snappy-java-1.1.7.3.jar;C:\Users\Administrator\.m2\repository\com\101tec\zkclient\0.11\zkclient-0.11.jar;C:\Users\Administrator\.m2\repository\org\apache\zookeeper\zookeeper\3.4.13\zookeeper-3.4.13.jar;C:\Users\Administrator\.m2\repository\org\slf4j\slf4j-log4j12\1.7.25\slf4j-log4j12-1.7.25.jar;C:\Users\Administrator\.m2\repository\log4j\log4j\1.2.17\log4j-1.2.17.jar;C:\Users\Administrator\.m2\repository\jline\jline\0.9.94\jline-0.9.94.jar;C:\Users\Administrator\.m2\repository\org\apache\yetus\audience-annotations\0.5.0\audience-annotations-0.5.0.jar;C:\Users\Administrator\.m2\repository\io\netty\netty\3.10.6.Final\netty-3.10.6.Final.jar;C:\Users\Administrator\.m2\repository\org\slf4j\slf4j-api\1.6.1\slf4j-api-1.6.1.jar;C:\Users\Administrator\.m2\repository\com\fasterxml\jackson\core\jackson-core\2.10.2\jackson-core-2.10.2.jar;C:\Users\Administrator\.m2\repository\com\fasterxml\jackson\core\jackson-databind\2.10.2\jackson-databind-2.10.2.jar;C:\Users\Administrator\.m2\repository\com\fasterxml\jackson\core\jackson-annotations\2.10.2\jackson-annotations-2.10.2.jar;D:\tools\idea\IntelliJ IDEA Community Edition 2019.1.3\lib\idea_rt.jar]
[2020-03-19 11:17:23,827 171] [INFO ] [main] [org.apache.zookeeper.Environment.logEnv(Environment.java:100)] [Client environment:java.library.path=C:\Java\jdk1.8.0_101\bin;C:\Windows\Sun\Java\bin;C:\Windows\system32;C:\Windows;C:\ProgramData\Oracle\Java\javapath;C:\Windows\system32;C:\Windows;C:\Windows\System32\Wbem;C:\Windows\System32\WindowsPowerShell\v1.0\;C:\Windows\System32\OpenSSH\;C:\Java\jdk1.8.0_101\bin;C:\Java\jdk1.8.0_101\jre\bin;D:\tools\apache-maven-3.6.3-bin\apache-maven-3.6.3\bin;C:\Program Files\Git\cmd;D:\tools\gradle-4.10.2-bin\gradle-4.10.2\bin;C:\mysql\mysql-5.7.28-winx64\mysql-5.7.28-winx64\bin;C:\scala\bin;D:\tools\apache-ant-1.9.14-bin\apache-ant-1.9.14\bin;C:\Users\Administrator\AppData\Local\Microsoft\WindowsApps;;.]
[2020-03-19 11:17:23,827 171] [INFO ] [main] [org.apache.zookeeper.Environment.logEnv(Environment.java:100)] [Client environment:java.io.tmpdir=C:\Users\ADMINI~1\AppData\Local\Temp\]
[2020-03-19 11:17:23,829 173] [INFO ] [main] [org.apache.zookeeper.Environment.logEnv(Environment.java:100)] [Client environment:java.compiler=<NA>]
[2020-03-19 11:17:23,829 173] [INFO ] [main] [org.apache.zookeeper.Environment.logEnv(Environment.java:100)] [Client environment:os.name=Windows 10]
[2020-03-19 11:17:23,829 173] [INFO ] [main] [org.apache.zookeeper.Environment.logEnv(Environment.java:100)] [Client environment:os.arch=amd64]
[2020-03-19 11:17:23,830 174] [INFO ] [main] [org.apache.zookeeper.Environment.logEnv(Environment.java:100)] [Client environment:os.version=10.0]
[2020-03-19 11:17:23,830 174] [INFO ] [main] [org.apache.zookeeper.Environment.logEnv(Environment.java:100)] [Client environment:user.name=Administrator]
[2020-03-19 11:17:23,831 175] [INFO ] [main] [org.apache.zookeeper.Environment.logEnv(Environment.java:100)] [Client environment:user.home=C:\Users\Administrator]
[2020-03-19 11:17:23,831 175] [INFO ] [main] [org.apache.zookeeper.Environment.logEnv(Environment.java:100)] [Client environment:user.dir=E:\ideawork\mykafka-0.7]
[2020-03-19 11:17:23,832 176] [INFO ] [main] [org.apache.zookeeper.ZooKeeper.<init>(ZooKeeper.java:442)] [Initiating client connection, connectString=localhost:2181 sessionTimeout=6000 watcher=org.I0Itec.zkclient.ZkClient@46ee7fe8]
[2020-03-19 11:17:24,575 919] [INFO ] [main] [org.I0Itec.zkclient.ZkClient.waitForKeeperState(ZkClient.java:936)] [Waiting for keeper state SyncConnected]
[2020-03-19 11:17:24,579 923] [INFO ] [main-SendThread(localhost:2181)] [org.apache.zookeeper.ClientCnxn$SendThread.logStartConnect(ClientCnxn.java:1029)] [Opening socket connection to server localhost/0:0:0:0:0:0:0:1:2181. Will not attempt to authenticate using SASL (unknown error)]
[2020-03-19 11:17:24,582 926] [INFO ] [main-SendThread(localhost:2181)] [org.apache.zookeeper.ClientCnxn$SendThread.primeConnection(ClientCnxn.java:879)] [Socket connection established to localhost/0:0:0:0:0:0:0:1:2181, initiating session]
[2020-03-19 11:17:24,593 937] [INFO ] [main-SendThread(localhost:2181)] [org.apache.zookeeper.ClientCnxn$SendThread.onConnected(ClientCnxn.java:1303)] [Session establishment complete on server localhost/0:0:0:0:0:0:0:1:2181, sessionid = 0x100f6e099d00074, negotiated timeout = 6000]
[2020-03-19 11:17:24,595 939] [INFO ] [main-EventThread] [org.I0Itec.zkclient.ZkClient.processStateChanged(ZkClient.java:713)] [zookeeper state changed (SyncConnected)]
[2020-03-19 11:17:24,613 957] [INFO ] [kafka-acceptor] [kafka.network.SocketServer$Acceptor.run(SocketServer.java:153)] [Awaiting connections on port 9092]
[2020-03-19 11:17:24,613 957] [INFO ] [main] [kafka.server.KafkaZooKeeper.registerBrokerInZk(KafkaZooKeeper.java:56)] [Registering broker /brokers/ids/0]
[2020-03-19 11:17:24,625 969] [INFO ] [main] [kafka.server.KafkaZooKeeper.registerBrokerInZk(KafkaZooKeeper.java:78)] [Registering broker /brokers/ids/0 succeeded with id:0,creatorId:192.168.2.100-1584587844613,host:192.168.2.100,port:9092]
[2020-03-19 11:17:24,626 970] [INFO ] [main] [kafka.server.KafkaZooKeeper.registerTopicInZkInternal(KafkaZooKeeper.java:91)] [Begin registering broker topic /brokers/topics/topic1/0 with 1 partitions]
[2020-03-19 11:17:24,629 973] [INFO ] [main] [kafka.server.KafkaZooKeeper.registerTopicInZkInternal(KafkaZooKeeper.java:93)] [End registering broker topic /brokers/topics/topic1/0]
[2020-03-19 11:17:24,629 973] [INFO ] [main] [kafka.log.LogManager.startup(LogManager.java:148)] [Starting log flusher every 1000 ms with the following overrides {}]
[2020-03-19 11:17:24,630 974] [INFO ] [main] [kafka.server.KafkaServer.startup(KafkaServer.java:73)] [Kafka server started.]
[2020-03-19 11:17:32,222 0] [INFO ] [ZkClient-EventThread-14-localhost:2181] [org.I0Itec.zkclient.ZkEventThread.run(ZkEventThread.java:65)] [Starting ZkClient event thread.]
[2020-03-19 11:17:32,273 51] [INFO ] [main] [org.apache.zookeeper.Environment.logEnv(Environment.java:100)] [Client environment:zookeeper.version=3.4.13-2d71af4dbe22557fda74f9a9b4309b15a7487f03, built on 06/29/2018 00:39 GMT]
[2020-03-19 11:17:32,277 55] [INFO ] [main] [org.apache.zookeeper.Environment.logEnv(Environment.java:100)] [Client environment:host.name=192.168.2.100]
[2020-03-19 11:17:32,277 55] [INFO ] [main] [org.apache.zookeeper.Environment.logEnv(Environment.java:100)] [Client environment:java.version=1.8.0_101]
[2020-03-19 11:17:32,277 55] [INFO ] [main] [org.apache.zookeeper.Environment.logEnv(Environment.java:100)] [Client environment:java.vendor=Oracle Corporation]
[2020-03-19 11:17:32,277 55] [INFO ] [main] [org.apache.zookeeper.Environment.logEnv(Environment.java:100)] [Client environment:java.home=C:\Java\jdk1.8.0_101\jre]
[2020-03-19 11:17:32,278 56] [INFO ] [main] [org.apache.zookeeper.Environment.logEnv(Environment.java:100)] [Client environment:java.class.path=C:\Java\jdk1.8.0_101\jre\lib\charsets.jar;C:\Java\jdk1.8.0_101\jre\lib\deploy.jar;C:\Java\jdk1.8.0_101\jre\lib\ext\access-bridge-64.jar;C:\Java\jdk1.8.0_101\jre\lib\ext\cldrdata.jar;C:\Java\jdk1.8.0_101\jre\lib\ext\dnsns.jar;C:\Java\jdk1.8.0_101\jre\lib\ext\jaccess.jar;C:\Java\jdk1.8.0_101\jre\lib\ext\jfxrt.jar;C:\Java\jdk1.8.0_101\jre\lib\ext\localedata.jar;C:\Java\jdk1.8.0_101\jre\lib\ext\nashorn.jar;C:\Java\jdk1.8.0_101\jre\lib\ext\sunec.jar;C:\Java\jdk1.8.0_101\jre\lib\ext\sunjce_provider.jar;C:\Java\jdk1.8.0_101\jre\lib\ext\sunmscapi.jar;C:\Java\jdk1.8.0_101\jre\lib\ext\sunpkcs11.jar;C:\Java\jdk1.8.0_101\jre\lib\ext\zipfs.jar;C:\Java\jdk1.8.0_101\jre\lib\javaws.jar;C:\Java\jdk1.8.0_101\jre\lib\jce.jar;C:\Java\jdk1.8.0_101\jre\lib\jfr.jar;C:\Java\jdk1.8.0_101\jre\lib\jfxswt.jar;C:\Java\jdk1.8.0_101\jre\lib\jsse.jar;C:\Java\jdk1.8.0_101\jre\lib\management-agent.jar;C:\Java\jdk1.8.0_101\jre\lib\plugin.jar;C:\Java\jdk1.8.0_101\jre\lib\resources.jar;C:\Java\jdk1.8.0_101\jre\lib\rt.jar;E:\ideawork\mykafka-0.7\target\test-classes;E:\ideawork\mykafka-0.7\target\classes;C:\Users\Administrator\.m2\repository\junit\junit\4.12\junit-4.12.jar;C:\Users\Administrator\.m2\repository\org\hamcrest\hamcrest-core\1.3\hamcrest-core-1.3.jar;C:\Users\Administrator\.m2\repository\org\xerial\snappy\snappy-java\1.1.7.3\snappy-java-1.1.7.3.jar;C:\Users\Administrator\.m2\repository\com\101tec\zkclient\0.11\zkclient-0.11.jar;C:\Users\Administrator\.m2\repository\org\apache\zookeeper\zookeeper\3.4.13\zookeeper-3.4.13.jar;C:\Users\Administrator\.m2\repository\org\slf4j\slf4j-log4j12\1.7.25\slf4j-log4j12-1.7.25.jar;C:\Users\Administrator\.m2\repository\log4j\log4j\1.2.17\log4j-1.2.17.jar;C:\Users\Administrator\.m2\repository\jline\jline\0.9.94\jline-0.9.94.jar;C:\Users\Administrator\.m2\repository\org\apache\yetus\audience-annotations\0.5.0\audience-annotations-0.5.0.jar;C:\Users\Administrator\.m2\repository\io\netty\netty\3.10.6.Final\netty-3.10.6.Final.jar;C:\Users\Administrator\.m2\repository\org\slf4j\slf4j-api\1.6.1\slf4j-api-1.6.1.jar;C:\Users\Administrator\.m2\repository\com\fasterxml\jackson\core\jackson-core\2.10.2\jackson-core-2.10.2.jar;C:\Users\Administrator\.m2\repository\com\fasterxml\jackson\core\jackson-databind\2.10.2\jackson-databind-2.10.2.jar;C:\Users\Administrator\.m2\repository\com\fasterxml\jackson\core\jackson-annotations\2.10.2\jackson-annotations-2.10.2.jar;D:\tools\idea\IntelliJ IDEA Community Edition 2019.1.3\lib\idea_rt.jar;C:\Users\Administrator\.IdeaIC2019.1\system\captureAgent\debugger-agent.jar]
[2020-03-19 11:17:32,278 56] [INFO ] [main] [org.apache.zookeeper.Environment.logEnv(Environment.java:100)] [Client environment:java.library.path=C:\Java\jdk1.8.0_101\bin;C:\Windows\Sun\Java\bin;C:\Windows\system32;C:\Windows;C:\ProgramData\Oracle\Java\javapath;C:\Windows\system32;C:\Windows;C:\Windows\System32\Wbem;C:\Windows\System32\WindowsPowerShell\v1.0\;C:\Windows\System32\OpenSSH\;C:\Java\jdk1.8.0_101\bin;C:\Java\jdk1.8.0_101\jre\bin;D:\tools\apache-maven-3.6.3-bin\apache-maven-3.6.3\bin;C:\Program Files\Git\cmd;D:\tools\gradle-4.10.2-bin\gradle-4.10.2\bin;C:\mysql\mysql-5.7.28-winx64\mysql-5.7.28-winx64\bin;C:\scala\bin;D:\tools\apache-ant-1.9.14-bin\apache-ant-1.9.14\bin;C:\Users\Administrator\AppData\Local\Microsoft\WindowsApps;;.]
[2020-03-19 11:17:32,279 57] [INFO ] [main] [org.apache.zookeeper.Environment.logEnv(Environment.java:100)] [Client environment:java.io.tmpdir=C:\Users\ADMINI~1\AppData\Local\Temp\]
[2020-03-19 11:17:32,279 57] [INFO ] [main] [org.apache.zookeeper.Environment.logEnv(Environment.java:100)] [Client environment:java.compiler=<NA>]
[2020-03-19 11:17:32,279 57] [INFO ] [main] [org.apache.zookeeper.Environment.logEnv(Environment.java:100)] [Client environment:os.name=Windows 10]
[2020-03-19 11:17:32,279 57] [INFO ] [main] [org.apache.zookeeper.Environment.logEnv(Environment.java:100)] [Client environment:os.arch=amd64]
[2020-03-19 11:17:32,279 57] [INFO ] [main] [org.apache.zookeeper.Environment.logEnv(Environment.java:100)] [Client environment:os.version=10.0]
[2020-03-19 11:17:32,280 58] [INFO ] [main] [org.apache.zookeeper.Environment.logEnv(Environment.java:100)] [Client environment:user.name=Administrator]
[2020-03-19 11:17:32,280 58] [INFO ] [main] [org.apache.zookeeper.Environment.logEnv(Environment.java:100)] [Client environment:user.home=C:\Users\Administrator]
[2020-03-19 11:17:32,280 58] [INFO ] [main] [org.apache.zookeeper.Environment.logEnv(Environment.java:100)] [Client environment:user.dir=E:\ideawork\mykafka-0.7]
[2020-03-19 11:17:32,283 61] [INFO ] [main] [org.apache.zookeeper.ZooKeeper.<init>(ZooKeeper.java:442)] [Initiating client connection, connectString=localhost:2181 sessionTimeout=6000 watcher=org.I0Itec.zkclient.ZkClient@66480dd7]
[2020-03-19 11:17:33,067 845] [INFO ] [main] [org.I0Itec.zkclient.ZkClient.waitForKeeperState(ZkClient.java:936)] [Waiting for keeper state SyncConnected]
[2020-03-19 11:17:33,076 854] [INFO ] [main-SendThread(localhost:2181)] [org.apache.zookeeper.ClientCnxn$SendThread.logStartConnect(ClientCnxn.java:1029)] [Opening socket connection to server localhost/0:0:0:0:0:0:0:1:2181. Will not attempt to authenticate using SASL (unknown error)]
[2020-03-19 11:17:33,080 858] [INFO ] [main-SendThread(localhost:2181)] [org.apache.zookeeper.ClientCnxn$SendThread.primeConnection(ClientCnxn.java:879)] [Socket connection established to localhost/0:0:0:0:0:0:0:1:2181, initiating session]
[2020-03-19 11:17:33,091 869] [INFO ] [main-SendThread(localhost:2181)] [org.apache.zookeeper.ClientCnxn$SendThread.onConnected(ClientCnxn.java:1303)] [Session establishment complete on server localhost/0:0:0:0:0:0:0:1:2181, sessionid = 0x100f6e099d00075, negotiated timeout = 6000]
[2020-03-19 11:17:33,095 873] [INFO ] [main-EventThread] [org.I0Itec.zkclient.ZkClient.processStateChanged(ZkClient.java:713)] [zookeeper state changed (SyncConnected)]
[2020-03-19 11:17:33,134 912] [INFO ] [main] [kafka.producer.ProducerPool.addProducer(ProducerPool.java:113)] [Creating sync producer for broker id = 0 at 192.168.2.100:9092]
[2020-03-19 11:17:42,888 10666] [WARN ] [main-SendThread(localhost:2181)] [org.apache.zookeeper.ClientCnxn$SendThread.run(ClientCnxn.java:1112)] [Client session timed out, have not heard from server in 8921ms for sessionid 0x100f6e099d00075]
[2020-03-19 11:17:42,888 10666] [INFO ] [main-SendThread(localhost:2181)] [org.apache.zookeeper.ClientCnxn$SendThread.run(ClientCnxn.java:1160)] [Client session timed out, have not heard from server in 8921ms for sessionid 0x100f6e099d00075, closing socket connection and attempting reconnect]
[2020-03-19 11:17:44,631 12409] [INFO ] [main-EventThread] [org.I0Itec.zkclient.ZkClient.processStateChanged(ZkClient.java:713)] [zookeeper state changed (Disconnected)]
[2020-03-19 11:17:53,557 21335] [INFO ] [main-SendThread(localhost:2181)] [org.apache.zookeeper.ClientCnxn$SendThread.logStartConnect(ClientCnxn.java:1029)] [Opening socket connection to server localhost/127.0.0.1:2181. Will not attempt to authenticate using SASL (unknown error)]
[2020-03-19 11:17:58,689 26467] [INFO ] [main-SendThread(localhost:2181)] [org.apache.zookeeper.ClientCnxn$SendThread.primeConnection(ClientCnxn.java:879)] [Socket connection established to localhost/127.0.0.1:2181, initiating session]
[2020-03-19 11:18:04,034 31812] [INFO ] [main-EventThread] [org.I0Itec.zkclient.ZkClient.processStateChanged(ZkClient.java:713)] [zookeeper state changed (Expired)]
[2020-03-19 11:18:04,034 31812] [WARN ] [main-SendThread(localhost:2181)] [org.apache.zookeeper.ClientCnxn$SendThread.onConnected(ClientCnxn.java:1289)] [Unable to reconnect to ZooKeeper service, session 0x100f6e099d00075 has expired]
[2020-03-19 11:18:05,061 32839] [INFO ] [main-EventThread] [org.apache.zookeeper.ZooKeeper.<init>(ZooKeeper.java:442)] [Initiating client connection, connectString=localhost:2181 sessionTimeout=6000 watcher=org.I0Itec.zkclient.ZkClient@66480dd7]
[2020-03-19 11:18:12,175 39953] [INFO ] [main-SendThread(localhost:2181)] [org.apache.zookeeper.ClientCnxn$SendThread.run(ClientCnxn.java:1158)] [Unable to reconnect to ZooKeeper service, session 0x100f6e099d00075 has expired, closing socket connection]
[2020-03-19 11:18:12,178 39956] [INFO ] [ZkClient-EventThread-14-localhost:2181] [kafka.producer.ZKBrokerPartitionInfo$ZKSessionExpirationListener.handleNewSession(ZKBrokerPartitionInfo.java:390)] [ZK expired; release old list of broker partitions for topics ]
[2020-03-19 11:18:12,182 39960] [INFO ] [main-SendThread(localhost:2181)] [org.apache.zookeeper.ClientCnxn$SendThread.logStartConnect(ClientCnxn.java:1029)] [Opening socket connection to server localhost/0:0:0:0:0:0:0:1:2181. Will not attempt to authenticate using SASL (unknown error)]
[2020-03-19 11:18:12,184 39962] [INFO ] [main-SendThread(localhost:2181)] [org.apache.zookeeper.ClientCnxn$SendThread.primeConnection(ClientCnxn.java:879)] [Socket connection established to localhost/0:0:0:0:0:0:0:1:2181, initiating session]
[2020-03-19 11:18:12,184 39962] [INFO ] [main-EventThread] [org.apache.zookeeper.ClientCnxn$EventThread.run(ClientCnxn.java:522)] [EventThread shut down for session: 0x100f6e099d00075]
[2020-03-19 11:18:12,195 39973] [INFO ] [main-SendThread(localhost:2181)] [org.apache.zookeeper.ClientCnxn$SendThread.onConnected(ClientCnxn.java:1303)] [Session establishment complete on server localhost/0:0:0:0:0:0:0:1:2181, sessionid = 0x100f6e099d00076, negotiated timeout = 6000]
[2020-03-19 11:18:12,195 39973] [INFO ] [main-EventThread] [org.I0Itec.zkclient.ZkClient.processStateChanged(ZkClient.java:713)] [zookeeper state changed (SyncConnected)]
[2020-03-19 11:18:12,201 39979] [ERROR] [ZkClient-EventThread-14-localhost:2181] [org.I0Itec.zkclient.ZkEventThread.run(ZkEventThread.java:78)] [Error handling event ZkEvent[New session event sent to kafka.producer.ZKBrokerPartitionInfo$ZKSessionExpirationListener@20b5db4b]]
java.lang.NullPointerException
	at kafka.producer.ZKBrokerPartitionInfo$ZKSessionExpirationListener.handleNewSession(ZKBrokerPartitionInfo.java:393)
	at org.I0Itec.zkclient.ZkClient$6.run(ZkClient.java:736)
	at org.I0Itec.zkclient.ZkEventThread.run(ZkEventThread.java:72)
[2020-03-19 11:18:12,208 39986] [ERROR] [ZkClient-EventThread-14-localhost:2181] [org.I0Itec.zkclient.ZkEventThread.run(ZkEventThread.java:78)] [Error handling event ZkEvent[Children of /brokers/ids changed sent to null]]
java.lang.NullPointerException
	at org.I0Itec.zkclient.ZkClient$10.run(ZkClient.java:844)
	at org.I0Itec.zkclient.ZkEventThread.run(ZkEventThread.java:72)
[2020-03-19 11:18:12,212 39990] [ERROR] [ZkClient-EventThread-14-localhost:2181] [org.I0Itec.zkclient.ZkEventThread.run(ZkEventThread.java:78)] [Error handling event ZkEvent[Children of /brokers/topics/topic1 changed sent to null]]
java.lang.NullPointerException
	at org.I0Itec.zkclient.ZkClient$10.run(ZkClient.java:844)
	at org.I0Itec.zkclient.ZkEventThread.run(ZkEventThread.java:72)
[2020-03-19 11:18:12,213 39991] [ERROR] [ZkClient-EventThread-14-localhost:2181] [org.I0Itec.zkclient.ZkEventThread.run(ZkEventThread.java:78)] [Error handling event ZkEvent[Children of /brokers/topics changed sent to null]]
java.lang.NullPointerException
	at org.I0Itec.zkclient.ZkClient$10.run(ZkClient.java:844)
	at org.I0Itec.zkclient.ZkEventThread.run(ZkEventThread.java:72)
[2020-03-19 11:18:12,228 40006] [INFO ] [Thread-0] [kafka.producer.SyncProducer.connect(SyncProducer.java:163)] [Connected to 192.168.2.100:9092 for producing]
[2020-03-19 11:18:12,233 48577] [INFO ] [kafka-processor-0] [kafka.server.KafkaRequestHandlers.handleProducerRequest(KafkaRequestHandlers.java:43)] [Producer request ProducerRequest(topic1,0,20)]
[2020-03-19 11:18:12,247 48591] [INFO ] [kafka-processor-0] [kafka.server.KafkaRequestHandlers.handleProducerRequest(KafkaRequestHandlers.java:65)] [20 bytes written to logs.]
[2020-03-19 11:18:12,247 48591] [INFO ] [kafka-processor-0] [kafka.server.KafkaRequestHandlers.handleProducerRequest(KafkaRequestHandlers.java:45)] [kafka produce time 16 ms]
[2020-03-19 11:18:12,248 48592] [INFO ] [kafka-processor-0] [kafka.network.SocketServer$Processor.run(SocketServer.java:253)] [/192.168.2.100]
[2020-03-19 11:18:28,589 56367] [WARN ] [main-SendThread(localhost:2181)] [org.apache.zookeeper.ClientCnxn$SendThread.run(ClientCnxn.java:1112)] [Client session timed out, have not heard from server in 11773ms for sessionid 0x100f6e099d00076]
[2020-03-19 11:18:30,283 58061] [INFO ] [main-SendThread(localhost:2181)] [org.apache.zookeeper.ClientCnxn$SendThread.run(ClientCnxn.java:1160)] [Client session timed out, have not heard from server in 11773ms for sessionid 0x100f6e099d00076, closing socket connection and attempting reconnect]
[2020-03-19 11:18:30,787 58565] [INFO ] [main-EventThread] [org.I0Itec.zkclient.ZkClient.processStateChanged(ZkClient.java:713)] [zookeeper state changed (Disconnected)]
[2020-03-19 11:18:32,206 59984] [INFO ] [main-SendThread(localhost:2181)] [org.apache.zookeeper.ClientCnxn$SendThread.logStartConnect(ClientCnxn.java:1029)] [Opening socket connection to server localhost/0:0:0:0:0:0:0:1:2181. Will not attempt to authenticate using SASL (unknown error)]
[2020-03-19 11:18:32,208 59986] [INFO ] [main-SendThread(localhost:2181)] [org.apache.zookeeper.ClientCnxn$SendThread.primeConnection(ClientCnxn.java:879)] [Socket connection established to localhost/0:0:0:0:0:0:0:1:2181, initiating session]
[2020-03-19 11:18:33,470 61248] [WARN ] [main-SendThread(localhost:2181)] [org.apache.zookeeper.ClientCnxn$SendThread.onConnected(ClientCnxn.java:1289)] [Unable to reconnect to ZooKeeper service, session 0x100f6e099d00076 has expired]
[2020-03-19 11:18:33,470 61248] [INFO ] [main-EventThread] [org.I0Itec.zkclient.ZkClient.processStateChanged(ZkClient.java:713)] [zookeeper state changed (Expired)]
[2020-03-19 11:18:33,471 61249] [INFO ] [main-SendThread(localhost:2181)] [org.apache.zookeeper.ClientCnxn$SendThread.run(ClientCnxn.java:1158)] [Unable to reconnect to ZooKeeper service, session 0x100f6e099d00076 has expired, closing socket connection]
[2020-03-19 11:18:34,242 62020] [INFO ] [main-EventThread] [org.apache.zookeeper.ZooKeeper.<init>(ZooKeeper.java:442)] [Initiating client connection, connectString=localhost:2181 sessionTimeout=6000 watcher=org.I0Itec.zkclient.ZkClient@66480dd7]
[2020-03-19 11:18:36,396 64174] [INFO ] [ZkClient-EventThread-14-localhost:2181] [kafka.producer.ZKBrokerPartitionInfo$ZKSessionExpirationListener.handleNewSession(ZKBrokerPartitionInfo.java:390)] [ZK expired; release old list of broker partitions for topics ]
[2020-03-19 11:18:36,397 64175] [INFO ] [main-SendThread(localhost:2181)] [org.apache.zookeeper.ClientCnxn$SendThread.logStartConnect(ClientCnxn.java:1029)] [Opening socket connection to server localhost/127.0.0.1:2181. Will not attempt to authenticate using SASL (unknown error)]
[2020-03-19 11:18:36,397 64175] [INFO ] [main-EventThread] [org.apache.zookeeper.ClientCnxn$EventThread.run(ClientCnxn.java:522)] [EventThread shut down for session: 0x100f6e099d00076]
[2020-03-19 11:18:37,489 65267] [INFO ] [main-SendThread(localhost:2181)] [org.apache.zookeeper.ClientCnxn$SendThread.primeConnection(ClientCnxn.java:879)] [Socket connection established to localhost/127.0.0.1:2181, initiating session]
[2020-03-19 11:18:38,356 66134] [INFO ] [main-SendThread(localhost:2181)] [org.apache.zookeeper.ClientCnxn$SendThread.onConnected(ClientCnxn.java:1303)] [Session establishment complete on server localhost/127.0.0.1:2181, sessionid = 0x100f6e099d00077, negotiated timeout = 6000]
[2020-03-19 11:18:38,751 66529] [INFO ] [main-EventThread] [org.I0Itec.zkclient.ZkClient.processStateChanged(ZkClient.java:713)] [zookeeper state changed (SyncConnected)]
[2020-03-19 11:19:27,854 115632] [INFO ] [main-SendThread(localhost:2181)] [org.apache.zookeeper.ClientCnxn$SendThread.run(ClientCnxn.java:1162)] [Unable to read additional data from server sessionid 0x100f6e099d00077, likely server has closed socket, closing socket connection and attempting reconnect]
[2020-03-19 11:19:29,922 117700] [INFO ] [main-EventThread] [org.I0Itec.zkclient.ZkClient.processStateChanged(ZkClient.java:713)] [zookeeper state changed (Disconnected)]
[2020-03-19 11:19:37,487 125265] [INFO ] [main-SendThread(localhost:2181)] [org.apache.zookeeper.ClientCnxn$SendThread.logStartConnect(ClientCnxn.java:1029)] [Opening socket connection to server localhost/127.0.0.1:2181. Will not attempt to authenticate using SASL (unknown error)]
[2020-03-19 11:19:38,613 126391] [WARN ] [main-SendThread(localhost:2181)] [org.apache.zookeeper.ClientCnxn$SendThread.run(ClientCnxn.java:1112)] [Client session timed out, have not heard from server in 8685ms for sessionid 0x100f6e099d00077]
[2020-03-19 11:19:39,277 127055] [INFO ] [main-SendThread(localhost:2181)] [org.apache.zookeeper.ClientCnxn$SendThread.run(ClientCnxn.java:1160)] [Client session timed out, have not heard from server in 8685ms for sessionid 0x100f6e099d00077, closing socket connection and attempting reconnect]
[2020-03-19 11:19:41,361 129139] [INFO ] [main-SendThread(localhost:2181)] [org.apache.zookeeper.ClientCnxn$SendThread.logStartConnect(ClientCnxn.java:1029)] [Opening socket connection to server localhost/127.0.0.1:2181. Will not attempt to authenticate using SASL (unknown error)]
[2020-03-19 11:19:41,739 129517] [INFO ] [main-SendThread(localhost:2181)] [org.apache.zookeeper.ClientCnxn$SendThread.primeConnection(ClientCnxn.java:879)] [Socket connection established to localhost/127.0.0.1:2181, initiating session]
[2020-03-19 11:19:42,922 130700] [WARN ] [main-SendThread(localhost:2181)] [org.apache.zookeeper.ClientCnxn$SendThread.onConnected(ClientCnxn.java:1289)] [Unable to reconnect to ZooKeeper service, session 0x100f6e099d00077 has expired]
[2020-03-19 11:19:43,238 131016] [INFO ] [main-SendThread(localhost:2181)] [org.apache.zookeeper.ClientCnxn$SendThread.run(ClientCnxn.java:1158)] [Unable to reconnect to ZooKeeper service, session 0x100f6e099d00077 has expired, closing socket connection]
[2020-03-19 11:19:43,237 131015] [INFO ] [main-EventThread] [org.I0Itec.zkclient.ZkClient.processStateChanged(ZkClient.java:713)] [zookeeper state changed (Expired)]
[2020-03-19 11:19:43,240 131018] [INFO ] [main-EventThread] [org.apache.zookeeper.ZooKeeper.<init>(ZooKeeper.java:442)] [Initiating client connection, connectString=localhost:2181 sessionTimeout=6000 watcher=org.I0Itec.zkclient.ZkClient@66480dd7]
[2020-03-19 11:19:43,624 131402] [INFO ] [main-EventThread] [org.apache.zookeeper.ClientCnxn$EventThread.run(ClientCnxn.java:522)] [EventThread shut down for session: 0x100f6e099d00077]
[2020-03-19 11:19:44,678 132456] [INFO ] [main-SendThread(localhost:2181)] [org.apache.zookeeper.ClientCnxn$SendThread.logStartConnect(ClientCnxn.java:1029)] [Opening socket connection to server localhost/0:0:0:0:0:0:0:1:2181. Will not attempt to authenticate using SASL (unknown error)]
[2020-03-19 11:19:44,680 132458] [INFO ] [main-SendThread(localhost:2181)] [org.apache.zookeeper.ClientCnxn$SendThread.primeConnection(ClientCnxn.java:879)] [Socket connection established to localhost/0:0:0:0:0:0:0:1:2181, initiating session]
[2020-03-19 11:19:44,682 132460] [INFO ] [Thread-0] [kafka.producer.SyncProducer.disconnect(SyncProducer.java:142)] [Disconnecting from 192.168.2.100:9092]
[2020-03-19 11:20:07,567 155345] [WARN ] [main-SendThread(localhost:2181)] [org.apache.zookeeper.ClientCnxn$SendThread.run(ClientCnxn.java:1112)] [Client session timed out, have not heard from server in 22888ms for sessionid 0x0]
[2020-03-19 11:20:08,448 156226] [INFO ] [main-SendThread(localhost:2181)] [org.apache.zookeeper.ClientCnxn$SendThread.run(ClientCnxn.java:1160)] [Client session timed out, have not heard from server in 22888ms for sessionid 0x0, closing socket connection and attempting reconnect]
[2020-03-19 11:20:10,713 158491] [INFO ] [ZkClient-EventThread-14-localhost:2181] [org.I0Itec.zkclient.ZkClient.waitForKeeperState(ZkClient.java:936)] [Waiting for keeper state SyncConnected]
[2020-03-19 11:20:13,299 161077] [INFO ] [main-SendThread(localhost:2181)] [org.apache.zookeeper.ClientCnxn$SendThread.logStartConnect(ClientCnxn.java:1029)] [Opening socket connection to server localhost/0:0:0:0:0:0:0:1:2181. Will not attempt to authenticate using SASL (unknown error)]
[2020-03-19 11:20:13,911 161689] [INFO ] [main-SendThread(localhost:2181)] [org.apache.zookeeper.ClientCnxn$SendThread.primeConnection(ClientCnxn.java:879)] [Socket connection established to localhost/0:0:0:0:0:0:0:1:2181, initiating session]
[2020-03-19 11:20:15,285 163063] [INFO ] [main-SendThread(localhost:2181)] [org.apache.zookeeper.ClientCnxn$SendThread.onConnected(ClientCnxn.java:1303)] [Session establishment complete on server localhost/0:0:0:0:0:0:0:1:2181, sessionid = 0x100f6e099d00079, negotiated timeout = 6000]
[2020-03-19 11:20:15,746 163524] [INFO ] [main-EventThread] [org.I0Itec.zkclient.ZkClient.processStateChanged(ZkClient.java:713)] [zookeeper state changed (SyncConnected)]
[2020-03-19 11:20:20,393 168171] [ERROR] [ZkClient-EventThread-14-localhost:2181] [org.I0Itec.zkclient.ZkEventThread.run(ZkEventThread.java:78)] [Error handling event ZkEvent[New session event sent to kafka.producer.ZKBrokerPartitionInfo$ZKSessionExpirationListener@20b5db4b]]
java.lang.NullPointerException
	at kafka.producer.ZKBrokerPartitionInfo$ZKSessionExpirationListener.handleNewSession(ZKBrokerPartitionInfo.java:393)
	at org.I0Itec.zkclient.ZkClient$6.run(ZkClient.java:736)
	at org.I0Itec.zkclient.ZkEventThread.run(ZkEventThread.java:72)
[2020-03-19 11:20:24,217 171995] [WARN ] [main-SendThread(localhost:2181)] [org.apache.zookeeper.ClientCnxn$SendThread.run(ClientCnxn.java:1112)] [Client session timed out, have not heard from server in 5858ms for sessionid 0x100f6e099d00079]
[2020-03-19 11:20:35,255 183033] [INFO ] [main-SendThread(localhost:2181)] [org.apache.zookeeper.ClientCnxn$SendThread.run(ClientCnxn.java:1160)] [Client session timed out, have not heard from server in 5858ms for sessionid 0x100f6e099d00079, closing socket connection and attempting reconnect]
[2020-03-19 11:20:37,132 184910] [INFO ] [ZkClient-EventThread-14-localhost:2181] [org.I0Itec.zkclient.ZkClient.waitForKeeperState(ZkClient.java:936)] [Waiting for keeper state SyncConnected]
[2020-03-19 11:20:37,132 184910] [INFO ] [main-EventThread] [org.I0Itec.zkclient.ZkClient.processStateChanged(ZkClient.java:713)] [zookeeper state changed (Disconnected)]
[2020-03-19 11:20:42,523 190301] [INFO ] [main-SendThread(localhost:2181)] [org.apache.zookeeper.ClientCnxn$SendThread.logStartConnect(ClientCnxn.java:1029)] [Opening socket connection to server localhost/0:0:0:0:0:0:0:1:2181. Will not attempt to authenticate using SASL (unknown error)]
[2020-03-19 11:20:42,991 190769] [INFO ] [main-SendThread(localhost:2181)] [org.apache.zookeeper.ClientCnxn$SendThread.primeConnection(ClientCnxn.java:879)] [Socket connection established to localhost/0:0:0:0:0:0:0:1:2181, initiating session]
[2020-03-19 11:20:44,926 192704] [WARN ] [main-SendThread(localhost:2181)] [org.apache.zookeeper.ClientCnxn$SendThread.onConnected(ClientCnxn.java:1289)] [Unable to reconnect to ZooKeeper service, session 0x100f6e099d00079 has expired]
[2020-03-19 11:20:44,926 192704] [INFO ] [main-EventThread] [org.I0Itec.zkclient.ZkClient.processStateChanged(ZkClient.java:713)] [zookeeper state changed (Expired)]
[2020-03-19 11:20:45,465 193243] [INFO ] [main-SendThread(localhost:2181)] [org.apache.zookeeper.ClientCnxn$SendThread.run(ClientCnxn.java:1158)] [Unable to reconnect to ZooKeeper service, session 0x100f6e099d00079 has expired, closing socket connection]
[2020-03-19 11:20:46,168 193946] [INFO ] [main-EventThread] [org.apache.zookeeper.ZooKeeper.<init>(ZooKeeper.java:442)] [Initiating client connection, connectString=localhost:2181 sessionTimeout=6000 watcher=org.I0Itec.zkclient.ZkClient@66480dd7]
[2020-03-19 11:20:49,597 197375] [INFO ] [main-EventThread] [org.apache.zookeeper.ClientCnxn$EventThread.run(ClientCnxn.java:522)] [EventThread shut down for session: 0x100f6e099d00079]
[2020-03-19 11:20:57,526 205304] [INFO ] [main-SendThread(localhost:2181)] [org.apache.zookeeper.ClientCnxn$SendThread.logStartConnect(ClientCnxn.java:1029)] [Opening socket connection to server localhost/0:0:0:0:0:0:0:1:2181. Will not attempt to authenticate using SASL (unknown error)]
[2020-03-19 11:21:12,307 220085] [INFO ] [main-SendThread(localhost:2181)] [org.apache.zookeeper.ClientCnxn$SendThread.primeConnection(ClientCnxn.java:879)] [Socket connection established to localhost/0:0:0:0:0:0:0:1:2181, initiating session]
[2020-03-19 11:21:22,141 229919] [WARN ] [main-SendThread(localhost:2181)] [org.apache.zookeeper.ClientCnxn$SendThread.run(ClientCnxn.java:1112)] [Client session timed out, have not heard from server in 9835ms for sessionid 0x0]
[2020-03-19 11:21:23,474 231252] [INFO ] [main-SendThread(localhost:2181)] [org.apache.zookeeper.ClientCnxn$SendThread.run(ClientCnxn.java:1160)] [Client session timed out, have not heard from server in 9835ms for sessionid 0x0, closing socket connection and attempting reconnect]
[2020-03-19 11:21:23,475 231253] [INFO ] [Thread-0] [kafka.producer.SyncProducer.connect(SyncProducer.java:163)] [Connected to 192.168.2.100:9092 for producing]
[2020-03-19 11:21:30,813 247157] [INFO ] [kafka-processor-1] [kafka.server.KafkaRequestHandlers.handleProducerRequest(KafkaRequestHandlers.java:43)] [Producer request ProducerRequest(topic1,0,20)]
[2020-03-19 11:21:30,813 247157] [INFO ] [kafka-processor-1] [kafka.server.KafkaRequestHandlers.handleProducerRequest(KafkaRequestHandlers.java:65)] [20 bytes written to logs.]
[2020-03-19 11:21:30,813 247157] [INFO ] [kafka-processor-1] [kafka.server.KafkaRequestHandlers.handleProducerRequest(KafkaRequestHandlers.java:45)] [kafka produce time 0 ms]
[2020-03-19 11:21:30,814 247158] [INFO ] [kafka-processor-1] [kafka.network.SocketServer$Processor.run(SocketServer.java:253)] [/192.168.2.100]
[2020-03-19 11:21:37,125 244903] [INFO ] [main-SendThread(localhost:2181)] [org.apache.zookeeper.ClientCnxn$SendThread.logStartConnect(ClientCnxn.java:1029)] [Opening socket connection to server localhost/127.0.0.1:2181. Will not attempt to authenticate using SASL (unknown error)]
[2020-03-19 11:21:51,103 258881] [INFO ] [main-SendThread(localhost:2181)] [org.apache.zookeeper.ClientCnxn$SendThread.primeConnection(ClientCnxn.java:879)] [Socket connection established to localhost/127.0.0.1:2181, initiating session]
[2020-03-19 11:21:51,103 258881] [INFO ] [Thread-0] [kafka.producer.SyncProducer.disconnect(SyncProducer.java:142)] [Disconnecting from 192.168.2.100:9092]
[2020-03-19 11:21:51,104 258882] [INFO ] [Thread-0] [kafka.producer.SyncProducer.connect(SyncProducer.java:163)] [Connected to 192.168.2.100:9092 for producing]
[2020-03-19 11:21:51,105 267449] [INFO ] [kafka-processor-2] [kafka.server.KafkaRequestHandlers.handleProducerRequest(KafkaRequestHandlers.java:43)] [Producer request ProducerRequest(topic1,0,20)]
[2020-03-19 11:21:51,106 267450] [INFO ] [kafka-processor-2] [kafka.server.KafkaRequestHandlers.handleProducerRequest(KafkaRequestHandlers.java:65)] [20 bytes written to logs.]
[2020-03-19 11:21:51,106 267450] [INFO ] [kafka-processor-2] [kafka.server.KafkaRequestHandlers.handleProducerRequest(KafkaRequestHandlers.java:45)] [kafka produce time 1 ms]
[2020-03-19 11:21:51,106 267450] [INFO ] [kafka-processor-2] [kafka.network.SocketServer$Processor.run(SocketServer.java:253)] [/192.168.2.100]
